<?xml version="1.0"?>
<testsuites>
<testsuite name="Root Suite" timestamp="2023-10-29T11:34:07" tests="0" file="cypress/e2e/firstTest.spec.js" time="0.000" failures="0"></testsuite>
<testsuite name="Test with backend" timestamp="2023-10-29T11:34:07" tests="6" time="14.725" failures="0">
  
  <testcase name="Test with backend should log in" time="2.908" classname="should log in"></testcase>
  
  <testcase name="Test with backend verify correct request and response" time="2.589" classname="verify correct request and response"></testcase>
  
  <testcase name="Test with backend verify popular tags are displayed" time="0.924" classname="verify popular tags are displayed"></testcase>
  
  <testcase name="Test with backend verify global feed likes count" time="0.979" classname="verify global feed likes count"></testcase>
  
  <testcase name="Test with backend intercepting and modifying the request and response" time="2.502" classname="intercepting and modifying the request and response"></testcase>
  
  <testcase name="Test with backend delete a new article in a global feed" time="4.679" classname="delete a new article in a global feed"></testcase>
  
</testsuite>

<testsuite name="Root Suite" timestamp="2023-10-29T11:34:23" tests="0" file="cypress/e2e/secondTest.spec.js" time="0.000" failures="0"></testsuite>
<testsuite name="Test log out" timestamp="2023-10-29T11:34:23" tests="1" time="3.320" failures="0">
  
  <testcase name="Test log out verify user can log out succesfully" time="3.288" classname="verify user can log out succesfully"></testcase>
  
</testsuite>

</testsuites>