<?xml version="1.0" encoding="UTF-8"?>
<testsuites name="Mocha Tests" time="14.091" tests="6" failures="0">
  <testsuite name="Root Suite" timestamp="2023-10-29T11:31:47" tests="0" file="cypress/e2e/firstTest.spec.js" time="0.000" failures="0">
  </testsuite>
  <testsuite name="Test with backend" timestamp="2023-10-29T11:31:47" tests="6" time="14.087" failures="0">
    <testcase name="Test with backend should log in" time="3.054" classname="should log in">
    </testcase>
    <testcase name="Test with backend verify correct request and response" time="2.566" classname="verify correct request and response">
    </testcase>
    <testcase name="Test with backend verify popular tags are displayed" time="0.927" classname="verify popular tags are displayed">
    </testcase>
    <testcase name="Test with backend verify global feed likes count" time="0.978" classname="verify global feed likes count">
    </testcase>
    <testcase name="Test with backend intercepting and modifying the request and response" time="2.783" classname="intercepting and modifying the request and response">
    </testcase>
    <testcase name="Test with backend delete a new article in a global feed" time="3.610" classname="delete a new article in a global feed">
    </testcase>
  </testsuite>
</testsuites>